{"C:\\Conecta-Loja\\frontend\\src\\api\\auth.js": {"path":"C:\\Conecta-Loja\\frontend\\src\\api\\auth.js","statementMap":{"0":{"start":{"line":6,"column":27},"end":{"line":43,"column":1}},"1":{"start":{"line":14,"column":21},"end":{"line":14,"column":71}},"2":{"start":{"line":15,"column":4},"end":{"line":15,"column":25}},"3":{"start":{"line":24,"column":21},"end":{"line":24,"column":64}},"4":{"start":{"line":25,"column":4},"end":{"line":25,"column":25}},"5":{"start":{"line":33,"column":21},"end":{"line":33,"column":50}},"6":{"start":{"line":34,"column":4},"end":{"line":34,"column":25}},"7":{"start":{"line":41,"column":4},"end":{"line":41,"column":41}}},"fnMap":{"0":{"name":"(anonymous_0)","decl":{"start":{"line":13,"column":8},"end":{"line":13,"column":13}},"loc":{"start":{"line":13,"column":31},"end":{"line":16,"column":3}},"line":13},"1":{"name":"(anonymous_1)","decl":{"start":{"line":23,"column":8},"end":{"line":23,"column":16}},"loc":{"start":{"line":23,"column":27},"end":{"line":26,"column":3}},"line":23},"2":{"name":"(anonymous_2)","decl":{"start":{"line":32,"column":8},"end":{"line":32,"column":19}},"loc":{"start":{"line":32,"column":22},"end":{"line":35,"column":3}},"line":32},"3":{"name":"(anonymous_3)","decl":{"start":{"line":40,"column":2},"end":{"line":40,"column":8}},"loc":{"start":{"line":40,"column":11},"end":{"line":42,"column":3}},"line":40}},"branchMap":{},"s":{"0":1,"1":2,"2":1,"3":2,"4":1,"5":2,"6":1,"7":1},"f":{"0":2,"1":2,"2":2,"3":1},"b":{},"meta":{"lastBranch":0,"lastFunction":4,"lastStatement":8,"seen":{"s:6:27:43:1":0,"f:13:8:13:13":0,"s:14:21:14:71":1,"s:15:4:15:25":2,"f:23:8:23:16":1,"s:24:21:24:64":3,"s:25:4:25:25":4,"f:32:8:32:19":2,"s:33:21:33:50":5,"s:34:4:34:25":6,"f:40:2:40:8":3,"s:41:4:41:41":7}}}
,"C:\\Conecta-Loja\\frontend\\src\\hooks\\use-auth.js": {"path":"C:\\Conecta-Loja\\frontend\\src\\hooks\\use-auth.js","statementMap":{"0":{"start":{"line":14,"column":23},"end":{"line":49,"column":1}},"1":{"start":{"line":15,"column":33},"end":{"line":15,"column":48}},"2":{"start":{"line":16,"column":25},"end":{"line":16,"column":40}},"3":{"start":{"line":17,"column":35},"end":{"line":17,"column":50}},"4":{"start":{"line":19,"column":1},"end":{"line":46,"column":9}},"5":{"start":{"line":20,"column":22},"end":{"line":43,"column":5}},"6":{"start":{"line":21,"column":6},"end":{"line":42,"column":7}},"7":{"start":{"line":22,"column":22},"end":{"line":22,"column":55}},"8":{"start":{"line":24,"column":8},"end":{"line":27,"column":9}},"9":{"start":{"line":25,"column":10},"end":{"line":25,"column":30}},"10":{"start":{"line":26,"column":10},"end":{"line":26,"column":17}},"11":{"start":{"line":31,"column":24},"end":{"line":31,"column":61}},"12":{"start":{"line":32,"column":25},"end":{"line":32,"column":32}},"13":{"start":{"line":34,"column":8},"end":{"line":34,"column":47}},"14":{"start":{"line":35,"column":8},"end":{"line":35,"column":26}},"15":{"start":{"line":37,"column":8},"end":{"line":37,"column":64}},"16":{"start":{"line":38,"column":8},"end":{"line":38,"column":26}},"17":{"start":{"line":39,"column":8},"end":{"line":39,"column":22}},"18":{"start":{"line":41,"column":8},"end":{"line":41,"column":28}},"19":{"start":{"line":45,"column":4},"end":{"line":45,"column":16}},"20":{"start":{"line":48,"column":2},"end":{"line":48,"column":39}}},"fnMap":{"0":{"name":"(anonymous_0)","decl":{"start":{"line":14,"column":23},"end":{"line":14,"column":24}},"loc":{"start":{"line":14,"column":29},"end":{"line":49,"column":1}},"line":14},"1":{"name":"(anonymous_1)","decl":{"start":{"line":19,"column":12},"end":{"line":19,"column":13}},"loc":{"start":{"line":19,"column":18},"end":{"line":46,"column":3}},"line":19},"2":{"name":"(anonymous_2)","decl":{"start":{"line":20,"column":22},"end":{"line":20,"column":27}},"loc":{"start":{"line":20,"column":34},"end":{"line":43,"column":5}},"line":20}},"branchMap":{"0":{"loc":{"start":{"line":24,"column":8},"end":{"line":27,"column":9}},"type":"if","locations":[{"start":{"line":24,"column":8},"end":{"line":27,"column":9}},{"start":{},"end":{}}],"line":24},"1":{"loc":{"start":{"line":34,"column":20},"end":{"line":34,"column":45}},"type":"binary-expr","locations":[{"start":{"line":34,"column":20},"end":{"line":34,"column":37}},{"start":{"line":34,"column":41},"end":{"line":34,"column":45}}],"line":34}},"s":{"0":1,"1":12,"2":12,"3":12,"4":12,"5":6,"6":6,"7":6,"8":6,"9":2,"10":2,"11":4,"12":4,"13":4,"14":6,"15":2,"16":2,"17":2,"18":6,"19":6,"20":12},"f":{"0":12,"1":6,"2":6},"b":{"0":[2,4],"1":[4,0]},"meta":{"lastBranch":2,"lastFunction":3,"lastStatement":21,"seen":{"s:14:23:49:1":0,"f:14:23:14:24":0,"s:15:33:15:48":1,"s:16:25:16:40":2,"s:17:35:17:50":3,"s:19:1:46:9":4,"f:19:12:19:13":1,"s:20:22:43:5":5,"f:20:22:20:27":2,"s:21:6:42:7":6,"s:22:22:22:55":7,"b:24:8:27:9:undefined:undefined:undefined:undefined":0,"s:24:8:27:9":8,"s:25:10:25:30":9,"s:26:10:26:17":10,"s:31:24:31:61":11,"s:32:25:32:32":12,"s:34:8:34:47":13,"b:34:20:34:37:34:41:34:45":1,"s:35:8:35:26":14,"s:37:8:37:64":15,"s:38:8:38:26":16,"s:39:8:39:22":17,"s:41:8:41:28":18,"s:45:4:45:16":19,"s:48:2:48:39":20}}}
,"C:\\Conecta-Loja\\frontend\\src\\lib\\utils.js": {"path":"C:\\Conecta-Loja\\frontend\\src\\lib\\utils.js","statementMap":{"0":{"start":{"line":10,"column":2},"end":{"line":10,"column":31}}},"fnMap":{"0":{"name":"cn","decl":{"start":{"line":9,"column":16},"end":{"line":9,"column":18}},"loc":{"start":{"line":9,"column":30},"end":{"line":11,"column":1}},"line":9}},"branchMap":{},"s":{"0":11},"f":{"0":11},"b":{},"meta":{"lastBranch":0,"lastFunction":1,"lastStatement":1,"seen":{"f:9:16:9:18":0,"s:10:2:10:31":0}}}
,"C:\\Conecta-Loja\\frontend\\src\\pages\\dashboard\\components\\SalesChart.jsx": {"path":"C:\\Conecta-Loja\\frontend\\src\\pages\\dashboard\\components\\SalesChart.jsx","statementMap":{"0":{"start":{"line":22,"column":30},"end":{"line":27,"column":null}},"1":{"start":{"line":23,"column":2},"end":{"line":26,"column":null}},"2":{"start":{"line":29,"column":19},"end":{"line":157,"column":null}},"3":{"start":{"line":30,"column":32},"end":{"line":30,"column":null}},"4":{"start":{"line":32,"column":24},"end":{"line":45,"column":null}},"5":{"start":{"line":33,"column":4},"end":{"line":43,"column":null}},"6":{"start":{"line":34,"column":6},"end":{"line":41,"column":null}},"7":{"start":{"line":44,"column":4},"end":{"line":44,"column":null}},"8":{"start":{"line":47,"column":2},"end":{"line":155,"column":null}},"9":{"start":{"line":56,"column":25},"end":{"line":56,"column":null}},"10":{"start":{"line":65,"column":25},"end":{"line":65,"column":null}}},"fnMap":{"0":{"name":"(anonymous_0)","decl":{"start":{"line":22,"column":30},"end":{"line":22,"column":31}},"loc":{"start":{"line":22,"column":41},"end":{"line":27,"column":null}},"line":22},"1":{"name":"(anonymous_1)","decl":{"start":{"line":29,"column":19},"end":{"line":29,"column":20}},"loc":{"start":{"line":29,"column":33},"end":{"line":157,"column":null}},"line":29},"2":{"name":"(anonymous_2)","decl":{"start":{"line":32,"column":24},"end":{"line":32,"column":25}},"loc":{"start":{"line":32,"column":49},"end":{"line":45,"column":null}},"line":32},"3":{"name":"(anonymous_3)","decl":{"start":{"line":56,"column":19},"end":{"line":56,"column":25}},"loc":{"start":{"line":56,"column":25},"end":{"line":56,"column":null}},"line":56},"4":{"name":"(anonymous_4)","decl":{"start":{"line":65,"column":19},"end":{"line":65,"column":25}},"loc":{"start":{"line":65,"column":25},"end":{"line":65,"column":null}},"line":65}},"branchMap":{"0":{"loc":{"start":{"line":33,"column":4},"end":{"line":43,"column":null}},"type":"if","locations":[{"start":{"line":33,"column":4},"end":{"line":43,"column":null}},{"start":{},"end":{}}],"line":33},"1":{"loc":{"start":{"line":33,"column":8},"end":{"line":33,"column":45}},"type":"binary-expr","locations":[{"start":{"line":33,"column":8},"end":{"line":33,"column":18}},{"start":{"line":33,"column":18},"end":{"line":33,"column":29}},{"start":{"line":33,"column":29},"end":{"line":33,"column":45}}],"line":33},"2":{"loc":{"start":{"line":53,"column":19},"end":{"line":53,"column":null}},"type":"cond-expr","locations":[{"start":{"line":53,"column":41},"end":{"line":53,"column":53}},{"start":{"line":53,"column":53},"end":{"line":53,"column":null}}],"line":53},"3":{"loc":{"start":{"line":62,"column":19},"end":{"line":62,"column":null}},"type":"cond-expr","locations":[{"start":{"line":62,"column":42},"end":{"line":62,"column":54}},{"start":{"line":62,"column":54},"end":{"line":62,"column":null}}],"line":62},"4":{"loc":{"start":{"line":74,"column":11},"end":{"line":151,"column":null}},"type":"cond-expr","locations":[{"start":{"line":75,"column":12},"end":{"line":110,"column":null}},{"start":{"line":112,"column":12},"end":{"line":151,"column":null}}],"line":74}},"s":{"0":1,"1":3,"2":1,"3":14,"4":14,"5":0,"6":0,"7":0,"8":14,"9":1,"10":3},"f":{"0":3,"1":14,"2":0,"3":1,"4":3},"b":{"0":[0,0],"1":[0,0,0],"2":[11,3],"3":[3,11],"4":[11,3]},"meta":{"lastBranch":5,"lastFunction":5,"lastStatement":11,"seen":{"s:22:30:27:Infinity":0,"f:22:30:22:31":0,"s:23:2:26:Infinity":1,"s:29:19:157:Infinity":2,"f:29:19:29:20":1,"s:30:32:30:Infinity":3,"s:32:24:45:Infinity":4,"f:32:24:32:25":2,"b:33:4:43:Infinity:undefined:undefined:undefined:undefined":0,"s:33:4:43:Infinity":5,"b:33:8:33:18:33:18:33:29:33:29:33:45":1,"s:34:6:41:Infinity":6,"s:44:4:44:Infinity":7,"s:47:2:155:Infinity":8,"b:53:41:53:53:53:53:53:Infinity":2,"f:56:19:56:25":3,"s:56:25:56:Infinity":9,"b:62:42:62:54:62:54:62:Infinity":3,"f:65:19:65:25":4,"s:65:25:65:Infinity":10,"b:75:12:110:Infinity:112:12:151:Infinity":4}}}
,"C:\\Conecta-Loja\\frontend\\src\\utils\\cn.js": {"path":"C:\\Conecta-Loja\\frontend\\src\\utils\\cn.js","statementMap":{"0":{"start":{"line":25,"column":2},"end":{"line":25,"column":31}}},"fnMap":{"0":{"name":"cn","decl":{"start":{"line":24,"column":16},"end":{"line":24,"column":18}},"loc":{"start":{"line":24,"column":30},"end":{"line":26,"column":1}},"line":24}},"branchMap":{},"s":{"0":9},"f":{"0":9},"b":{},"meta":{"lastBranch":0,"lastFunction":1,"lastStatement":1,"seen":{"f:24:16:24:18":0,"s:25:2:25:31":0}}}
}
